0 info it worked if it ends with ok
1 verbose cli [ '/Users/ikoob/.nvm/versions/node/v6.3.1/bin/node',
1 verbose cli   '/Users/ikoob/.nvm/versions/node/v6.3.1/bin/npm',
1 verbose cli   'start' ]
2 info using npm@3.10.3
3 info using node@v6.3.1
4 verbose run-script [ 'prestart', 'start', 'poststart' ]
5 info lifecycle level_gauge_server@0.0.1~prestart: level_gauge_server@0.0.1
6 silly lifecycle level_gauge_server@0.0.1~prestart: no script for prestart, continuing
7 info lifecycle level_gauge_server@0.0.1~start: level_gauge_server@0.0.1
8 verbose lifecycle level_gauge_server@0.0.1~start: unsafe-perm in lifecycle true
9 verbose lifecycle level_gauge_server@0.0.1~start: PATH: /Users/ikoob/.nvm/versions/node/v6.3.1/lib/node_modules/npm/bin/node-gyp-bin:/Users/ikoob/Documents/LevelGaugeServer/node_modules/.bin:/Users/ikoob/.nvm/versions/node/v6.3.1/bin:/Users/ikoob/Downloads/cocos2d-x-3.13.1/templates:/Users/ikoob/Downloads:/Users/ikoob/Downloads/cocos2d-x-3.13.1/tools/cocos2d-console/bin:/Users/ikoob/.nvm/versions/node/v6.3.1/bin:/usr/local/bin:/usr/bin:/bin:/usr/sbin:/sbin:/usr/local/go/bin:/usr/local/go/bin:/Users/ikoob/.cargo/bin
10 verbose lifecycle level_gauge_server@0.0.1~start: CWD: /Users/ikoob/Documents/LevelGaugeServer
11 silly lifecycle level_gauge_server@0.0.1~start: Args: [ '-c', 'node ./src/app.js' ]
12 silly lifecycle level_gauge_server@0.0.1~start: Returned: code: 1  signal: null
13 info lifecycle level_gauge_server@0.0.1~start: Failed to exec start script
14 verbose stack Error: level_gauge_server@0.0.1 start: `node ./src/app.js`
14 verbose stack Exit status 1
14 verbose stack     at EventEmitter.<anonymous> (/Users/ikoob/.nvm/versions/node/v6.3.1/lib/node_modules/npm/lib/utils/lifecycle.js:242:16)
14 verbose stack     at emitTwo (events.js:106:13)
14 verbose stack     at EventEmitter.emit (events.js:191:7)
14 verbose stack     at ChildProcess.<anonymous> (/Users/ikoob/.nvm/versions/node/v6.3.1/lib/node_modules/npm/lib/utils/spawn.js:40:14)
14 verbose stack     at emitTwo (events.js:106:13)
14 verbose stack     at ChildProcess.emit (events.js:191:7)
14 verbose stack     at maybeClose (internal/child_process.js:852:16)
14 verbose stack     at Process.ChildProcess._handle.onexit (internal/child_process.js:215:5)
15 verbose pkgid level_gauge_server@0.0.1
16 verbose cwd /Users/ikoob/Documents/LevelGaugeServer
17 error Darwin 15.6.0
18 error argv "/Users/ikoob/.nvm/versions/node/v6.3.1/bin/node" "/Users/ikoob/.nvm/versions/node/v6.3.1/bin/npm" "start"
19 error node v6.3.1
20 error npm  v3.10.3
21 error code ELIFECYCLE
22 error level_gauge_server@0.0.1 start: `node ./src/app.js`
22 error Exit status 1
23 error Failed at the level_gauge_server@0.0.1 start script 'node ./src/app.js'.
23 error Make sure you have the latest version of node.js and npm installed.
23 error If you do, this is most likely a problem with the level_gauge_server package,
23 error not with npm itself.
23 error Tell the author that this fails on your system:
23 error     node ./src/app.js
23 error You can get information on how to open an issue for this project with:
23 error     npm bugs level_gauge_server
23 error Or if that isn't available, you can get their info via:
23 error     npm owner ls level_gauge_server
23 error There is likely additional logging output above.
24 verbose exit [ 1, true ]
